2025-01-23T10:20:04.219Z - Connected successfully to MongoDB server
2025-01-23T10:20:04.223Z - Server is running on port 5000
2025-01-23T10:20:04.768Z - New user connected
2025-01-23T10:20:25.171Z - Connected successfully to MongoDB server
2025-01-23T10:20:25.175Z - Server is running on port 5000
2025-01-23T10:20:25.293Z - New user connected
2025-01-23T10:21:14.565Z - Connected successfully to MongoDB server
2025-01-23T10:21:14.569Z - Server is running on port 5000
2025-01-23T10:21:18.760Z - New user connected
2025-01-23T10:21:18.769Z - Connected successfully to MongoDB server
2025-01-23T10:21:27.630Z - Connected successfully to MongoDB server
2025-01-23T10:21:49.949Z - Connected successfully to MongoDB server
2025-01-23T10:42:50.502Z - New user connected
2025-01-23T10:42:56.506Z - User disconnected
2025-01-23T10:42:56.936Z - New user connected
2025-01-23T10:43:06.800Z - User disconnected
2025-01-23T10:43:07.144Z - New user connected
2025-01-23T10:43:12.099Z - Connected successfully to MongoDB server
2025-01-23T10:43:16.680Z - User disconnected
2025-01-23T10:43:17.136Z - New user connected
2025-01-23T10:43:23.788Z - Connected successfully to MongoDB server
2025-01-23T11:20:57.219Z - Connected successfully to MongoDB server
2025-01-23T11:20:57.224Z - Server is running on port 5000
2025-01-23T11:21:02.751Z - New user connected
2025-01-23T11:21:02.757Z - New user connected
2025-01-23T11:21:24.723Z - User disconnected
2025-01-23T11:21:25.156Z - New user connected
2025-01-23T11:21:27.961Z - User disconnected
2025-01-23T11:21:28.401Z - New user connected
2025-01-23T11:22:12.144Z - User disconnected
2025-01-23T11:22:15.522Z - New user connected
2025-01-23T11:28:14.903Z - User disconnected
2025-01-23T11:28:15.282Z - New user connected
2025-01-23T11:28:16.078Z - User disconnected
2025-01-23T11:28:16.501Z - New user connected
2025-01-23T11:28:17.971Z - User disconnected
2025-01-23T11:28:18.242Z - New user connected
2025-01-23T11:28:18.586Z - User disconnected
2025-01-23T12:00:07.058Z - Connected successfully to MongoDB server
2025-01-23T12:00:07.064Z - Server is running on port 5000
2025-01-23T12:00:11.767Z - New user connected
2025-01-23T12:02:46.857Z - Connected successfully to MongoDB server
2025-01-23T12:02:46.861Z - Server is running on port 5000
2025-01-23T12:02:48.786Z - New user connected
2025-01-23T12:30:01.248Z - New user connected
2025-01-23T12:30:05.957Z - User disconnected
2025-01-23T13:31:25.276Z - New user connected
2025-01-23T13:31:31.018Z - User disconnected
2025-01-23T15:04:07.297Z - User disconnected
2025-01-24T05:55:50.522Z - New user connected
2025-01-24T07:13:03.279Z - New user connected
2025-01-24T07:18:05.578Z - User disconnected
2025-01-24T07:18:06.156Z - New user connected
2025-01-24T07:18:12.564Z - Connected successfully to MongoDB server
2025-01-24T07:21:03.631Z - User disconnected
2025-01-24T07:23:20.890Z - New user connected
2025-01-24T07:23:22.040Z - User disconnected
2025-01-24T07:23:23.778Z - User disconnected
2025-01-24T07:23:24.334Z - New user connected
2025-01-24T07:29:34.023Z - User disconnected
2025-01-24T07:29:34.439Z - New user connected
2025-01-24T07:32:40.760Z - Connected successfully to MongoDB server
2025-01-24T07:32:40.765Z - Server is running on port 5000
2025-01-24T07:32:44.345Z - New user connected
2025-01-24T07:36:45.333Z - User disconnected
2025-01-24T07:36:45.846Z - New user connected
2025-01-24T07:36:53.161Z - User disconnected
2025-01-24T07:36:53.650Z - New user connected
2025-01-24T07:36:59.288Z - User disconnected
2025-01-24T07:36:59.652Z - New user connected
2025-01-24T07:45:32.757Z - User disconnected
2025-01-24T07:45:33.182Z - New user connected
2025-01-24T09:10:35.858Z - User disconnected
2025-01-24T09:10:36.341Z - New user connected
2025-01-24T09:10:39.501Z - Connected successfully to MongoDB server
2025-01-24T09:10:39.518Z - Message sent from Ayaan sayed to Ayaan sayed
2025-01-24T09:11:11.540Z - Connected successfully to MongoDB server
2025-01-24T09:11:11.542Z - Message sent from Ayaan sayed to Ayaan sayed
2025-01-24T09:16:09.874Z - User disconnected
2025-01-24T09:16:10.321Z - New user connected
2025-01-24T09:16:23.019Z - Connected successfully to MongoDB server
2025-01-24T09:16:23.021Z - Message sent from Ayaan sayed to Ayaan sayed
2025-01-24T09:17:41.857Z - User disconnected
2025-01-24T09:17:42.315Z - New user connected
2025-01-24T09:22:50.547Z - User disconnected
2025-01-24T09:34:34.548Z - New user connected
2025-01-24T09:34:40.460Z - User disconnected
2025-01-24T09:34:40.896Z - New user connected
2025-01-24T09:35:25.904Z - User disconnected
2025-01-24T09:39:45.725Z - Connected successfully to MongoDB server
2025-01-24T09:43:00.720Z - Connected successfully to MongoDB server
2025-01-24T09:43:00.724Z - Server is running on port 5000
2025-01-24T09:43:02.833Z - New user connected
2025-01-24T09:43:02.844Z - Connected successfully to MongoDB server
2025-01-24T09:43:02.855Z - Message sent from Ayaan sayed to Ayaan sayed
2025-01-24T09:43:15.173Z - User disconnected
2025-01-24T09:43:15.638Z - New user connected
2025-01-24T09:43:41.340Z - Connected successfully to MongoDB server
2025-01-24T09:45:00.284Z - Connected successfully to MongoDB server
2025-01-24T09:45:00.290Z - Server is running on port 5000
2025-01-24T09:45:34.167Z - New user connected
2025-01-24T09:45:34.319Z - User disconnected
2025-01-24T09:45:34.796Z - New user connected
2025-01-24T09:46:26.439Z - New user connected
2025-01-24T09:46:26.893Z - User disconnected
2025-01-24T09:46:28.628Z - User disconnected
2025-01-24T09:46:29.171Z - New user connected
2025-01-24T09:48:01.450Z - Connected successfully to MongoDB server
2025-01-24T09:48:01.454Z - Server is running on port 5000
2025-01-24T09:48:07.819Z - New user connected
2025-01-24T09:48:32.129Z - User disconnected
2025-01-24T09:48:32.596Z - New user connected
2025-01-24T09:51:33.004Z - Connected successfully to MongoDB server
2025-01-24T09:51:33.008Z - Server is running on port 5000
2025-01-24T09:51:33.195Z - New user connected
2025-01-24T09:52:18.071Z - Connected successfully to MongoDB server
2025-01-24T09:52:18.116Z - New user connected
2025-01-24T09:53:01.551Z - User disconnected
2025-01-24T09:53:02.115Z - New user connected
2025-01-24T09:54:54.440Z - Connected successfully to MongoDB server
2025-01-24T09:54:54.802Z - New user connected
2025-01-24T09:57:45.000Z - Connected successfully to MongoDB server
2025-01-24T10:00:22.229Z - Connected successfully to MongoDB server
2025-01-24T10:00:22.322Z - New user connected
2025-01-24T10:04:57.386Z - Connected successfully to MongoDB server
2025-01-24T10:06:09.977Z - Connected successfully to MongoDB server
2025-01-24T10:06:10.082Z - New user connected
2025-01-24T10:08:16.332Z - User disconnected
2025-01-24T10:08:16.822Z - New user connected
2025-01-24T10:09:01.823Z - User disconnected
2025-01-24T10:12:06.617Z - Connected successfully to MongoDB server
2025-01-24T10:12:10.175Z - New user connected
2025-01-24T10:14:37.254Z - User disconnected
2025-01-24T10:14:37.703Z - New user connected
2025-01-24T10:15:06.401Z - User disconnected
2025-01-24T10:16:21.456Z - New user connected
2025-01-24T10:16:25.882Z - User disconnected
2025-01-24T10:16:26.203Z - New user connected
2025-01-24T10:16:30.261Z - User disconnected
2025-01-24T10:16:30.565Z - New user connected
2025-01-24T10:16:37.319Z - Connected successfully to MongoDB server
2025-01-24T10:16:37.344Z - Message sent from Ayaan sayed to Ayaan sayed
2025-01-24T10:16:54.696Z - New user connected
2025-01-24T10:17:05.823Z - User disconnected
2025-01-24T10:17:06.144Z - New user connected
2025-01-24T10:17:18.482Z - User disconnected
2025-01-24T10:17:18.960Z - New user connected
2025-01-24T10:17:26.984Z - User disconnected
2025-01-24T10:17:27.458Z - New user connected
2025-01-24T10:17:32.447Z - User disconnected
2025-01-24T10:17:32.789Z - New user connected
2025-01-24T10:25:00.971Z - User disconnected
2025-01-24T10:25:01.421Z - New user connected
2025-01-24T10:35:03.674Z - User disconnected
2025-01-24T10:36:20.253Z - User disconnected
2025-01-24T10:36:25.350Z - User disconnected
2025-01-24T10:36:41.703Z - User disconnected
2025-01-24T10:41:12.356Z - User disconnected
2025-01-24T10:41:18.071Z - User disconnected
2025-01-24T10:53:12.190Z - User disconnected
2025-01-24T10:55:09.693Z - User disconnected
2025-01-24T10:55:11.863Z - User disconnected
2025-01-24T10:55:12.714Z - User disconnected
2025-01-24T11:15:20.170Z - User disconnected
2025-01-24T11:15:22.206Z - User disconnected
2025-01-24T11:15:23.272Z - User disconnected
2025-01-24T11:31:09.091Z - User disconnected
2025-01-24T11:31:10.655Z - User disconnected
